m54119U_190419_153753/95552093/ccs	11171	68	100.84
m54119U_190417_205139/86116712/ccs	11110	67	99.903
m54119U_190422_035533/164170105/ccs	11050	67	100.445
m54119U_190419_153753/39847167/ccs	10977	66	99.6043
m54119U_190419_153753/161546962/ccs	10944	66	99.9046
m54119U_190420_214420/112723864/ccs	10885	66	100.446
m54119U_190420_214420/110101715/ccs	10879	66	100.502
m54119U_190420_214420/44893727/ccs	10848	66	100.789
m54119U_190422_035533/100927412/ccs	10845	65	99.2891
m54119U_190422_035533/97649679/ccs	10837	65	99.3624
m54119U_190420_214420/4851313/ccs	10834	65	99.3899
m54119U_190417_205139/158269995/ccs	10822	64	97.9693
m54119U_190419_153753/11536557/ccs	10818	65	99.5369
m54119U_190420_214420/74451031/ccs	10817	65	99.5461
m54119U_190417_205139/133825021/ccs	10808	65	99.629
m54119U_190417_205139/12451843/ccs	10798	65	99.7212
m54119U_190419_153753/7799044/ccs	10793	65	99.7674
m54119U_190417_205139/159386254/ccs	10737	65	100.288
m54119U_190422_035533/117310873/ccs	10723	65	100.419
m54119U_190417_205139/52823257/ccs	10697	65	100.663
m54119U_190420_214420/169345578/ccs	10647	64	99.5796
m54119U_190420_214420/32114142/ccs	10646	64	99.589
m54119U_190419_153753/100468276/ccs	10642	64	99.6264
m54119U_190419_153753/87034328/ccs	10632	64	99.7201
m54119U_190420_214420/1182057/ccs	10630	64	99.7389
m54119U_190422_035533/162333414/ccs	10621	64	99.8234
m54119U_190422_035533/28967959/ccs	10620	64	99.8328
m54119U_190419_153753/30148640/ccs	10617	64	99.861
m54119U_190422_035533/32179465/ccs	10608	64	99.9457
m54119U_190417_205139/146343529/ccs	10600	64	100.021
m54119U_190422_035533/109445463/ccs	10594	64	100.078
m54119U_190422_035533/15205616/ccs	10579	64	100.22
m54119U_190422_035533/108923309/ccs	10578	64	100.229
m54119U_190419_153753/71371440/ccs	10578	64	100.229
m54119U_190420_214420/179569335/ccs	10577	64	100.239
m54119U_190419_153753/173278382/ccs	10577	64	100.239
m54119U_190419_153753/22415023/ccs	10568	64	100.324
m54119U_190417_205139/107414697/ccs	10566	64	100.343
m54119U_190419_153753/14747307/ccs	10558	64	100.419
m54119U_190419_153753/73926111/ccs	10556	62	97.2994
m54119U_190422_035533/58458631/ccs	10555	62	97.3086
m54119U_190420_214420/144376314/ccs	10541	64	100.581
m54119U_190420_214420/33687017/ccs	10530	63	99.1128
m54119U_190417_205139/81462295/ccs	10506	63	99.3392
m54119U_190420_214420/112920272/ccs	10498	63	99.4149
m54119U_190422_035533/138937449/ccs	10491	63	99.4813
m54119U_190420_214420/128518696/ccs	10477	63	99.6142
m54119U_190420_214420/37553063/ccs	10466	63	99.7189
m54119U_190417_205139/11339432/ccs	10461	63	99.7666
m54119U_190417_205139/40961977/ccs	10459	63	99.7856
m54119U_190422_035533/98829046/ccs	10445	63	99.9194
m54119U_190422_035533/130747224/ccs	10431	61	96.8772
m54119U_190419_153753/56819784/ccs	10428	63	100.082
m54119U_190422_035533/61800895/ccs	10416	63	100.198
m54119U_190419_153753/68684552/ccs	10415	63	100.207
m54119U_190419_153753/63569934/ccs	10411	63	100.246
m54119U_190422_035533/51708812/ccs	10397	63	100.381
m54119U_190422_035533/130614888/ccs	10388	63	100.468
m54119U_190417_205139/45286325/ccs	10388	63	100.468
m54119U_190419_153753/178324460/ccs	10385	63	100.497
m54119U_190422_035533/7538801/ccs	10381	63	100.535
m54119U_190417_205139/118424246/ccs	10360	63	100.739
m54119U_190419_153753/156567878/ccs	10359	63	100.749
m54119U_190420_214420/11274286/ccs	10344	62	99.2935
m54119U_190417_205139/28247698/ccs	10342	62	99.3127
m54119U_190420_214420/97257069/ccs	10337	62	99.3607
m54119U_190417_205139/136053227/ccs	10335	62	99.38
m54119U_190420_214420/42140161/ccs	10333	62	99.3992
m54119U_190417_205139/152832315/ccs	10333	62	99.3992
m54119U_190420_214420/34212572/ccs	10330	62	99.4281
m54119U_190420_214420/81593665/ccs	10322	62	99.5051
m54119U_190417_205139/38470268/ccs	10315	62	99.5727
m54119U_190420_214420/17564433/ccs	10307	62	99.6499
m54119U_190419_153753/167838333/ccs	10306	62	99.6596
m54119U_190417_205139/45351426/ccs	10306	62	99.6596
m54119U_190417_205139/6030379/ccs	10303	62	99.6886
m54119U_190422_035533/145622449/ccs	10301	62	99.708
m54119U_190417_205139/83756273/ccs	10299	62	99.7274
m54119U_190417_205139/75957506/ccs	10299	62	99.7274
m54119U_190420_214420/9898181/ccs	10297	62	99.7467
m54119U_190417_205139/44631595/ccs	10289	62	99.8243
m54119U_190422_035533/35063303/ccs	10286	62	99.8534
m54119U_190420_214420/65601903/ccs	10284	62	99.8728
m54119U_190417_205139/123011191/ccs	10279	62	99.9214
m54119U_190417_205139/99222154/ccs	10278	62	99.9311
m54119U_190419_153753/118030540/ccs	10274	62	99.97
m54119U_190419_153753/171837520/ccs	10271	62	99.9992
m54119U_190417_205139/162531682/ccs	10256	62	100.145
m54119U_190420_214420/97847052/ccs	10220	62	100.498
m54119U_190419_153753/165873280/ccs	10211	62	100.587
m54119U_190417_205139/63897702/ccs	10201	62	100.685
m54119U_190422_035533/98960265/ccs	10168	61	99.383
m54119U_190420_214420/10816323/ccs	10165	61	99.4123
m54119U_190420_214420/88278204/ccs	10158	61	99.4808
m54119U_190419_153753/75892657/ccs	10150	61	99.5592
m54119U_190419_153753/169281462/ccs	10123	60	98.1883
m54119U_190417_205139/39387177/ccs	10115	61	99.9037
m54119U_190417_205139/24773404/ccs	10112	60	98.2951
m54119U_190420_214420/11470373/ccs	10104	61	100.012
m54119U_190419_153753/126223172/ccs	10098	61	100.072
m54119U_190419_153753/87296294/ccs	10083	61	100.221
m54119U_190420_214420/113312622/ccs	10078	61	100.27
m54119U_190420_214420/10356026/ccs	10066	61	100.39
m54119U_190419_153753/166070468/ccs	10064	61	100.41
m54119U_190419_153753/145950986/ccs	10058	61	100.47
m54119U_190417_205139/135332793/ccs	10051	59	97.2435
m54119U_190420_214420/30344862/ccs	10043	61	100.62
m54119U_190420_214420/165086097/ccs	10041	61	100.64
m54119U_190422_035533/68092972/ccs	10031	61	100.74
m54119U_190419_153753/142280480/ccs	10030	61	100.75
m54119U_190422_035533/89784503/ccs	10028	61	100.77
m54119U_190420_214420/148309883/ccs	10027	60	99.1284
m54119U_190420_214420/127075491/ccs	10015	60	99.2471
m54119U_190420_214420/91294453/ccs	9990	60	99.4955
m54119U_190422_035533/92014643/ccs	9985	60	99.5453
m54119U_190420_214420/144965703/ccs	9984	60	99.5553
m54119U_190419_153753/64619748/ccs	9981	60	99.5852
m54119U_190419_153753/164431435/ccs	9980	60	99.5952
m54119U_190422_035533/4850109/ccs	9967	60	99.7251
m54119U_190420_214420/25233862/ccs	9961	60	99.7852
m54119U_190417_205139/69140704/ccs	9959	60	99.8052
m54119U_190417_205139/41812110/ccs	9957	60	99.8252
m54119U_190417_205139/159450803/ccs	9954	60	99.8553
m54119U_190422_035533/76548742/ccs	9941	60	99.9859
m54119U_190417_205139/158860280/ccs	9933	60	100.066
m54119U_190417_205139/43780391/ccs	9925	60	100.147
m54119U_190422_035533/177537026/ccs	9921	60	100.187
m54119U_190417_205139/26608182/ccs	9913	60	100.268
m54119U_190420_214420/38012028/ccs	9901	60	100.39
m54119U_190422_035533/58000461/ccs	9896	60	100.441
m54119U_190420_214420/102695543/ccs	9896	60	100.441
m54119U_190422_035533/49678426/ccs	9893	60	100.471
m54119U_190419_153753/145490152/ccs	9889	60	100.512
m54119U_190422_035533/78318127/ccs	9885	60	100.552
m54119U_190419_153753/97780012/ccs	9885	60	100.552
m54119U_190419_153753/135005471/ccs	9882	60	100.583
m54119U_190422_035533/34998213/ccs	9864	60	100.766
m54119U_190417_205139/45155773/ccs	9852	59	99.2077
m54119U_190417_205139/22547183/ccs	9851	59	99.2177
m54119U_190417_205139/141100128/ccs	9838	59	99.3489
m54119U_190422_035533/38536523/ccs	9832	59	99.4095
m54119U_190419_153753/80347789/ccs	9822	59	99.5107
m54119U_190417_205139/56558783/ccs	9811	59	99.6223
m54119U_190420_214420/70582645/ccs	9808	59	99.6527
m54119U_190422_035533/117705428/ccs	9785	59	99.887
m54119U_190422_035533/50661191/ccs	9780	59	99.938
m54119U_190417_205139/165479811/ccs	9775	59	99.9892
m54119U_190419_153753/150145503/ccs	9733	59	100.421
m54119U_190422_035533/107348607/ccs	9714	59	100.617
m54119U_190417_205139/20645228/ccs	9713	59	100.627
m54119U_190422_035533/77529287/ccs	9697	59	100.793
m54119U_190422_035533/3933955/ccs	9680	58	99.2591
m54119U_190419_153753/77988590/ccs	9678	58	99.2796
m54119U_190417_205139/57541052/ccs	9668	58	99.3823
m54119U_190420_214420/152503222/ccs	9666	58	99.4029
m54119U_190417_205139/113052406/ccs	9662	58	99.444
m54119U_190422_035533/94046994/ccs	9644	58	99.6296
m54119U_190420_214420/116917944/ccs	9635	58	99.7227
m54119U_190419_153753/158073122/ccs	9633	56	96.304
m54119U_190417_205139/69798695/ccs	9621	58	99.8678
m54119U_190422_035533/40960126/ccs	9610	58	99.9821
m54119U_190417_205139/8848541/ccs	9607	58	100.013
m54119U_190420_214420/13632712/ccs	9598	58	100.107
m54119U_190422_035533/167642396/ccs	9584	58	100.253
m54119U_190422_035533/114558794/ccs	9583	57	98.5351
m54119U_190420_214420/21039019/ccs	9577	58	100.327
m54119U_190417_205139/80086562/ccs	9574	58	100.358
m54119U_190420_214420/31589921/ccs	9560	58	100.505
m54119U_190417_205139/39912790/ccs	9552	58	100.589
m54119U_190420_214420/150863906/ccs	9551	58	100.6
m54119U_190417_205139/30147287/ccs	9549	58	100.621
m54119U_190417_205139/69861798/ccs	9541	58	100.705
m54119U_190419_153753/91948615/ccs	9539	58	100.726
m54119U_190422_035533/120587447/ccs	9534	58	100.779
m54119U_190420_214420/29034787/ccs	9534	57	99.0415
m54119U_190420_214420/174130795/ccs	9533	58	100.79
m54119U_190417_205139/80480096/ccs	9531	58	100.811
m54119U_190417_205139/100532451/ccs	9527	58	100.853
m54119U_190417_205139/70321618/ccs	9507	57	99.3228
m54119U_190417_205139/98896503/ccs	9491	57	99.4903
m54119U_190419_153753/9897999/ccs	9489	57	99.5112
m54119U_190419_153753/101057151/ccs	9485	57	99.5532
m54119U_190417_205139/155256638/ccs	9478	57	99.6267
m54119U_190420_214420/102433171/ccs	9476	57	99.6477
m54119U_190419_153753/149291175/ccs	9455	57	99.8691
m54119U_190417_205139/117704453/ccs	9448	57	99.9431
m54119U_190422_035533/178126960/ccs	9446	57	99.9642
m54119U_190417_205139/27723258/ccs	9440	57	100.028
m54119U_190419_153753/118884468/ccs	9435	57	100.081
m54119U_190417_205139/94569721/ccs	9430	57	100.134
m54119U_190419_153753/175308888/ccs	9427	57	100.166
m54119U_190417_205139/46794291/ccs	9424	57	100.198
m54119U_190422_035533/42993503/ccs	9423	57	100.208
m54119U_190419_153753/65341573/ccs	9377	56	98.9331
m54119U_190419_153753/174457660/ccs	9361	56	99.1022
m54119U_190420_214420/176816510/ccs	9348	56	99.2401
m54119U_190420_214420/79168991/ccs	9340	56	99.3251
m54119U_190422_035533/80544294/ccs	9311	56	99.6344
m54119U_190419_153753/73074228/ccs	9306	56	99.6879
m54119U_190420_214420/100797140/ccs	9276	56	100.01
m54119U_190417_205139/56363618/ccs	9264	56	100.14
m54119U_190422_035533/158991893/ccs	9260	56	100.183
m54119U_190422_035533/121374086/ccs	9257	56	100.216
m54119U_190417_205139/51250628/ccs	9221	56	100.607
m54119U_190422_035533/52234145/ccs	9142	55	99.6642
m54119U_190420_214420/28639810/ccs	9100	54	98.3037
m54119U_190419_153753/72286890/ccs	9072	55	100.433
m54119U_190419_153753/168953695/ccs	8944	54	100.018
m54119U_190422_035533/105513537/ccs	8729	53	100.584
m54119U_190419_153753/69994372/ccs	8690	52	99.1291
m54119U_190419_153753/77466257/ccs	8418	51	100.364
m54119U_190422_035533/106628982/ccs	8371	50	98.9488
m54119U_190417_205139/68619091/ccs	8108	49	100.115
m54119U_190422_035533/82182736/ccs	7949	46	95.8656
