m64013_190423_181929/116459365/ccs	11351	68	99.2413
m64013_190417_204828/168625285/ccs	10999	66	99.405
m64013_190420_214609/96405641/ccs	10820	65	99.5185
m64013_190417_204828/77923998/ccs	10756	65	100.111
m64013_190417_204828/97584846/ccs	10604	64	99.9834
m64013_190417_204828/24903972/ccs	10603	62	96.8681
m64013_190423_181929/7342535/ccs	10600	64	100.021
m64013_190417_204828/150864729/ccs	10559	64	100.41
m64013_190423_181929/155779338/ccs	10521	64	100.772
m64013_190420_214609/61211968/ccs	10508	63	99.3203
m64013_190420_214609/65537926/ccs	10491	63	99.4813
m64013_190420_214609/118882968/ccs	10489	63	99.5002
m64013_190420_214609/38076564/ccs	10477	64	101.195
m64013_190420_214609/115345962/ccs	10447	63	99.9003
m64013_190417_204828/168363286/ccs	10432	63	100.044
m64013_190420_214609/7079692/ccs	10393	63	100.419
m64013_190419_153940/90244989/ccs	10393	63	100.419
m64013_190420_214609/56888003/ccs	10351	62	99.2264
m64013_190417_204828/79562248/ccs	10347	62	99.2647
m64013_190423_181929/64293242/ccs	10339	62	99.3415
m64013_190420_214609/67961635/ccs	10337	62	99.3607
m64013_190417_204828/124979890/ccs	10317	62	99.5534
m64013_190423_181929/103287358/ccs	10313	62	99.592
m64013_190419_153940/82971000/ccs	10310	62	99.621
m64013_190420_214609/170722774/ccs	10236	62	100.341
m64013_190419_153940/49808889/ccs	10225	62	100.449
m64013_190420_214609/92080223/ccs	10219	62	100.508
m64013_190423_181929/112330348/ccs	10215	62	100.547
m64013_190417_204828/165743112/ccs	10200	62	100.695
m64013_190423_181929/119605767/ccs	10187	61	99.1976
m64013_190419_153940/2360252/ccs	10186	61	99.2073
m64013_190423_181929/32639762/ccs	10182	61	99.2463
m64013_190419_153940/34604505/ccs	10176	61	99.3048
m64013_190417_204828/15925403/ccs	10173	61	99.3341
m64013_190417_204828/21692783/ccs	10158	61	99.4808
m64013_190420_214609/157155564/ccs	10151	60	97.9174
m64013_190419_153940/108921534/ccs	10104	60	98.3729
m64013_190419_153940/43385924/ccs	10093	61	100.121
m64013_190417_204828/84541801/ccs	10053	61	100.52
m64013_190419_153940/166920584/ccs	10049	60	98.9113
m64013_190420_214609/109643643/ccs	10042	61	100.63
m64013_190419_153940/1116481/ccs	10039	61	100.66
m64013_190420_214609/66912997/ccs	10007	60	99.3265
m64013_190423_181929/176621628/ccs	9962	58	96.4493
m64013_190420_214609/95749697/ccs	9937	60	100.026
m64013_190419_153940/37488566/ccs	9892	60	100.481
m64013_190423_181929/97258281/ccs	9859	59	99.1372
m64013_190420_214609/96012918/ccs	9828	60	101.136
m64013_190423_181929/76284681/ccs	9819	59	99.5411
m64013_190423_181929/62196427/ccs	9810	59	99.6324
m64013_190417_204828/74843794/ccs	9782	59	99.9176
m64013_190417_204828/70845289/ccs	9770	59	100.04
m64013_190420_214609/106758592/ccs	9753	59	100.215
m64013_190417_204828/177669035/ccs	9747	56	95.1776
m64013_190419_153940/72288987/ccs	9743	59	100.318
m64013_190419_153940/87623317/ccs	9741	59	100.338
m64013_190419_153940/16647022/ccs	9741	59	100.338
m64013_190417_204828/103942737/ccs	9735	58	98.6983
m64013_190423_181929/82511591/ccs	9731	59	100.441
m64013_190417_204828/121504265/ccs	9704	59	100.721
m64013_190420_214609/128125054/ccs	9653	58	99.5367
m64013_190420_214609/43649431/ccs	9651	58	99.5574
m64013_190417_204828/68682993/ccs	9616	58	99.9197
m64013_190417_204828/90573319/ccs	9607	56	96.5646
m64013_190423_181929/20186330/ccs	9600	58	100.086
m64013_190423_181929/9111812/ccs	9590	57	98.4632
m64013_190419_153940/170461053/ccs	9584	58	100.253
m64013_190419_153940/170395416/ccs	9576	58	100.337
m64013_190417_204828/15008658/ccs	9561	58	100.495
m64013_190423_181929/38799449/ccs	9560	56	97.0393
m64013_190423_181929/149094797/ccs	9558	58	100.526
m64013_190419_153940/98961762/ccs	9556	58	100.547
m64013_190420_214609/38734363/ccs	9522	56	97.4266
m64013_190423_181929/161549132/ccs	9502	57	99.3751
m64013_190420_214609/143721309/ccs	9502	56	97.6317
m64013_190417_204828/28182155/ccs	9474	56	97.9202
m64013_190417_204828/92537603/ccs	9463	57	99.7846
m64013_190417_204828/18482259/ccs	9423	57	100.208
m64013_190423_181929/134546192/ccs	9422	57	100.219
m64013_190423_181929/121242165/ccs	9401	57	100.443
m64013_190419_153940/39193362/ccs	9400	57	100.453
m64013_190419_153940/106170907/ccs	9390	54	95.2677
m64013_190419_153940/139789839/ccs	9382	57	100.646
m64013_190417_204828/178784677/ccs	9364	57	100.84
m64013_190419_153940/37946743/ccs	9331	56	99.4209
m64013_190417_204828/50006399/ccs	9317	54	96.0142
m64013_190419_153940/141164770/ccs	9290	56	99.8596
m64013_190423_181929/123668249/ccs	9273	54	96.4698
m64013_190420_214609/167643609/ccs	9248	56	100.313
m64013_190420_214609/9373890/ccs	9231	56	100.498
m64013_190419_153940/94242685/ccs	9222	56	100.596
m64013_190423_181929/41028171/ccs	9190	55	99.1436
m64013_190417_204828/14682879/ccs	9115	55	99.9594
m64013_190423_181929/95750612/ccs	9059	55	100.577
m64013_190417_204828/32180931/ccs	9043	54	98.9234
m64013_190419_153940/157616881/ccs	8993	54	99.4734
m64013_190417_204828/33293878/ccs	8895	54	100.569
m64013_190423_181929/163512397/ccs	8750	53	100.343
m64013_190423_181929/180422050/ccs	2507	15	99.1185
