m64011_190417_204800/44565643/ccs	10541	64	100.581
m64011_190417_204800/34867646/ccs	10497	63	99.4244
m64011_190422_035901/60819133/ccs	10422	63	100.14
m64011_190417_204800/169345032/ccs	10339	61	97.7392
m64011_190422_035901/93914408/ccs	10338	62	99.3511
m64011_190419_154025/157615526/ccs	10314	62	99.5823
m64011_190417_204800/162597383/ccs	10284	62	99.8728
m64011_190420_214708/146933148/ccs	10264	61	98.4534
m64011_190417_204800/116852301/ccs	10241	62	100.292
m64011_190417_204800/97125570/ccs	10235	61	98.7324
m64011_190419_154025/2623036/ccs	10231	62	100.39
m64011_190422_035901/160041221/ccs	10213	62	100.567
m64011_190417_204800/108333203/ccs	10206	62	100.636
m64011_190417_204800/8062033/ccs	10177	62	100.923
m64011_190422_035901/125109760/ccs	10132	61	99.7361
m64011_190420_214708/46793825/ccs	10084	61	100.211
m64011_190420_214708/26215071/ccs	10031	61	100.74
m64011_190420_214708/155975862/ccs	10018	60	99.2174
m64011_190419_154025/64554846/ccs	9989	60	99.5055
m64011_190422_035901/128191057/ccs	9971	60	99.6851
m64011_190417_204800/14746862/ccs	9970	59	98.0335
m64011_190419_154025/25496275/ccs	9957	60	99.8252
m64011_190420_214708/38077898/ccs	9956	60	99.8353
m64011_190417_204800/111937800/ccs	9954	59	98.1911
m64011_190420_214708/158990668/ccs	9938	60	100.016
m64011_190419_154025/169869894/ccs	9933	60	100.066
m64011_190420_214708/15860634/ccs	9932	59	98.4086
m64011_190422_035901/154012082/ccs	9897	60	100.43
m64011_190417_204800/15270997/ccs	9862	60	100.787
m64011_190420_214708/105382691/ccs	9849	59	99.2379
m64011_190422_035901/27657455/ccs	9820	59	99.531
m64011_190422_035901/64620903/ccs	9814	59	99.5918
m64011_190422_035901/170984344/ccs	9811	59	99.6223
m64011_190422_035901/7277057/ccs	9796	58	98.0837
m64011_190420_214708/21234987/ccs	9796	59	99.7748
m64011_190422_035901/45286356/ccs	9782	59	99.9176
m64011_190417_204800/35259015/ccs	9759	57	96.7581
m64011_190420_214708/11995859/ccs	9741	58	98.6375
m64011_190422_035901/81855678/ccs	9736	59	100.39
m64011_190420_214708/61999400/ccs	9728	58	98.7693
m64011_190420_214708/76810741/ccs	9674	58	99.3207
m64011_190417_204800/57346708/ccs	9640	58	99.671
m64011_190422_035901/113967323/ccs	9635	57	98.0033
m64011_190420_214708/70124742/ccs	9633	58	99.7434
m64011_190422_035901/129564684/ccs	9611	58	99.9717
m64011_190419_154025/32770124/ccs	9600	58	100.086
m64011_190420_214708/38864166/ccs	9587	58	100.222
m64011_190417_204800/655775/ccs	9543	58	100.684
m64011_190419_154025/172491447/ccs	9512	57	99.2706
m64011_190422_035901/80021302/ccs	9432	57	100.113
m64011_190422_035901/37816490/ccs	9419	57	100.251
m64011_190420_214708/35521982/ccs	9391	56	98.7856
m64011_190419_154025/16515783/ccs	9390	57	100.56
m64011_190417_204800/154992859/ccs	9390	55	97.0319
m64011_190420_214708/173410865/ccs	9351	56	99.2082
m64011_190422_035901/90245299/ccs	9343	56	99.2932
m64011_190422_035901/71368861/ccs	9321	56	99.5275
m64011_190417_204800/125044670/ccs	9300	56	99.7523
m64011_190422_035901/139725117/ccs	9298	56	99.7737
m64011_190417_204800/76744536/ccs	9290	56	99.8596
m64011_190422_035901/68749769/ccs	9282	56	99.9457
m64011_190417_204800/132514347/ccs	9274	56	100.032
m64011_190417_204800/59049680/ccs	9263	56	100.151
m64011_190422_035901/143132691/ccs	9256	56	100.226
m64011_190419_154025/12977830/ccs	9251	55	98.4899
m64011_190417_204800/136054970/ccs	9241	56	100.389
m64011_190419_154025/157549013/ccs	9205	54	97.1824
m64011_190422_035901/154009932/ccs	9191	56	100.935
m64011_190420_214708/154732817/ccs	9183	55	99.2192
m64011_190417_204800/130286269/ccs	9182	55	99.23
m64011_190422_035901/151979438/ccs	9181	55	99.2408
m64011_190419_154025/4522738/ccs	9177	55	99.2841
m64011_190419_154025/91489962/ccs	9173	55	99.3274
m64011_190422_035901/165480774/ccs	9131	53	96.1557
m64011_190419_154025/165152498/ccs	9111	55	100.003
m64011_190420_214708/91687524/ccs	9092	55	100.212
m64011_190417_204800/148832291/ccs	9060	55	100.566
m64011_190417_204800/17631833/ccs	9056	55	100.611
m64011_190419_154025/29493749/ccs	9055	55	100.622
m64011_190422_035901/70583932/ccs	9043	55	100.755
m64011_190422_035901/76089649/ccs	9039	55	100.8
m64011_190420_214708/155124086/ccs	9030	53	97.2312
m64011_190422_035901/100403509/ccs	9001	54	99.385
m64011_190422_035901/60752016/ccs	8999	54	99.407
m64011_190422_035901/97454298/ccs	8983	54	99.5841
m64011_190417_204800/146866631/ccs	8953	53	98.0675
m64011_190417_204800/93653022/ccs	8951	54	99.9401
m64011_190422_035901/55969223/ccs	8940	53	98.2101
m64011_190420_214708/142672457/ccs	8934	54	100.13
m64011_190417_204800/76613946/ccs	8931	54	100.164
m64011_190417_204800/29361682/ccs	8774	53	100.068
m64011_190420_214708/170657067/ccs	6059	37	101.162
